Log file open, 08/15/19 19:56:47
LogWindows: Failed to load 'aqProf.dll' (GetLastError=126)
LogWindows: File 'aqProf.dll' does not exist
LogWindows: Failed to load 'VtuneApi.dll' (GetLastError=126)
LogWindows: File 'VtuneApi.dll' does not exist
LogWindows: Failed to load 'VtuneApi32e.dll' (GetLastError=126)
LogWindows: File 'VtuneApi32e.dll' does not exist
LogConsoleResponse: Display: Failed to find resolution value strings in scalability ini. Falling back to default.
LogInit: Display: Running engine for game: Base2
LogPakFile: Registered encryption key '00000000000000000000000000000000': 0 pak files mounted, 0 remain pending
LogPlatformFile: Not using cached read wrapper
LogTaskGraph: Started task graph with 5 named threads and 23 total threads with 3 sets of task threads.
LogStats: Stats thread started at 0.288107
LogD3D11RHI: Loaded GFSDK_Aftermath_Lib.x64.dll
LogICUInternationalization: ICU TimeZone Detection - Raw Offset: +1:00, Platform Override: ''
LogPluginManager: Mounting plugin Paper2D
LogPluginManager: Mounting plugin AISupport
LogPluginManager: Mounting plugin LightPropagationVolume
LogPluginManager: Mounting plugin ActorLayerUtilities
LogPluginManager: Mounting plugin CLionSourceCodeAccess
LogPluginManager: Mounting plugin CodeLiteSourceCodeAccess
LogPluginManager: Mounting plugin GitSourceControl
LogPluginManager: Mounting plugin KDevelopSourceCodeAccess
LogPluginManager: Mounting plugin NullSourceCodeAccess
LogPluginManager: Mounting plugin PerforceSourceControl
LogPluginManager: Mounting plugin SubversionSourceControl
LogPluginManager: Mounting plugin UObjectPlugin
LogPluginManager: Mounting plugin VisualStudioCodeSourceCodeAccess
LogPluginManager: Mounting plugin VisualStudioSourceCodeAccess
LogPluginManager: Mounting plugin XCodeSourceCodeAccess
LogPluginManager: Mounting plugin AssetManagerEditor
LogPluginManager: Mounting plugin CryptoKeys
LogPluginManager: Mounting plugin DataValidation
LogPluginManager: Mounting plugin FacialAnimation
LogPluginManager: Mounting plugin GameplayTagsEditor
LogPluginManager: Mounting plugin MacGraphicsSwitching
LogPluginManager: Mounting plugin MeshEditor
LogPluginManager: Mounting plugin MobileLauncherProfileWizard
LogPluginManager: Mounting plugin PluginBrowser
LogPluginManager: Mounting plugin SpeedTreeImporter
LogPluginManager: Mounting plugin DatasmithContent
LogPluginManager: Mounting plugin VariantManagerContent
LogPluginManager: Mounting plugin AlembicImporter
LogPluginManager: Mounting plugin AppleImageUtils
LogPluginManager: Mounting plugin AppleVision
LogPluginManager: Mounting plugin BackChannel
LogPluginManager: Mounting plugin CharacterAI
LogPluginManager: Mounting plugin GeometryCache
LogPluginManager: Mounting plugin HTML5Networking
LogPluginManager: Mounting plugin ProxyLODPlugin
LogPluginManager: Mounting plugin MagicLeap
LogPluginManager: Mounting plugin MagicLeapMedia
LogPluginManager: Mounting plugin AndroidMedia
LogPluginManager: Mounting plugin AvfMedia
LogPluginManager: Mounting plugin ImgMedia
LogPluginManager: Mounting plugin LinearTimecode
LogPluginManager: Mounting plugin MediaCompositing
LogPluginManager: Mounting plugin MediaPlayerEditor
LogPluginManager: Mounting plugin WebMMedia
LogPluginManager: Mounting plugin WmfMedia
LogPluginManager: Mounting plugin TcpMessaging
LogPluginManager: Mounting plugin UdpMessaging
LogPluginManager: Mounting plugin ActorSequence
LogPluginManager: Mounting plugin LevelSequenceEditor
LogPluginManager: Mounting plugin MatineeToLevelSequence
LogPluginManager: Mounting plugin NetcodeUnitTest
LogPluginManager: Mounting plugin NUTUnrealEngine4
LogPluginManager: Mounting plugin OnlineSubsystemGooglePlay
LogPluginManager: Mounting plugin OnlineSubsystemIOS
LogPluginManager: Mounting plugin OnlineSubsystem
LogPluginManager: Mounting plugin OnlineSubsystemNull
LogPluginManager: Mounting plugin OnlineSubsystemUtils
LogPluginManager: Mounting plugin LauncherChunkInstaller
LogPluginManager: Mounting plugin AndroidDeviceProfileSelector
LogPluginManager: Mounting plugin AndroidMoviePlayer
LogPluginManager: Mounting plugin AndroidPermission
LogPluginManager: Mounting plugin AppleMoviePlayer
LogPluginManager: Mounting plugin ArchVisCharacter
LogPluginManager: Mounting plugin AudioCapture
LogPluginManager: Mounting plugin CableComponent
LogPluginManager: Mounting plugin CustomMeshComponent
LogPluginManager: Mounting plugin EditableMesh
LogPluginManager: Mounting plugin ExampleDeviceProfileSelector
LogPluginManager: Mounting plugin Firebase
LogPluginManager: Mounting plugin GoogleCloudMessaging
LogPluginManager: Mounting plugin IOSDeviceProfileSelector
LogPluginManager: Mounting plugin LinuxDeviceProfileSelector
LogPluginManager: Mounting plugin LocationServicesBPLibrary
LogPluginManager: Mounting plugin MobilePatchingUtils
LogPluginManager: Mounting plugin OculusVR
LogPluginManager: Mounting plugin PhysXVehicles
LogPluginManager: Mounting plugin ProceduralMeshComponent
LogPluginManager: Mounting plugin RuntimePhysXCooking
LogPluginManager: Mounting plugin SteamVR
LogPluginManager: Mounting plugin WebMMoviePlayer
LogPluginManager: Mounting plugin WindowsMoviePlayer
LogStreaming: Display: Took  0.071s to configure plugins.
LogInit: Using libcurl 7.55.1-DEV
LogInit:  - built for x86_64-pc-win32
LogInit:  - supports SSL with OpenSSL/1.0.2h
LogInit:  - supports HTTP deflate (compression) using libz 1.2.8
LogInit:  - other features:
LogInit:      CURL_VERSION_SSL
LogInit:      CURL_VERSION_LIBZ
LogInit:      CURL_VERSION_IPV6
LogInit:      CURL_VERSION_ASYNCHDNS
LogInit:      CURL_VERSION_LARGEFILE
LogInit:      CURL_VERSION_IDN
LogInit:  CurlRequestOptions (configurable via config and command line):
LogInit:  - bVerifyPeer = true  - Libcurl will verify peer certificate
LogInit:  - bUseHttpProxy = false  - Libcurl will NOT use HTTP proxy
LogInit:  - bDontReuseConnections = false  - Libcurl will reuse connections
LogInit:  - MaxHostConnections = 16  - Libcurl will limit the number of connections to a host
LogInit:  - LocalHostAddr = Default
LogInit:  - BufferSize = 65536
LogInit: WinSock: version 1.1 (2.2), MaxSocks=32767, MaxUdp=65467
LogInit: Build: ++UE4+Release-4.21-CL-4753647
LogInit: Engine Version: 4.21.2-4753647+++UE4+Release-4.21
LogInit: Compatible Engine Version: 4.21.0-4541578+++UE4+Release-4.21
LogInit: Net CL: 4541578
LogInit: OS: Windows 10 (), CPU: Intel(R) Core(TM) i7-7700HQ CPU @ 2.80GHz, GPU: Intel(R) HD Graphics 630
LogInit: Compiled (64-bit): Jan 19 2019 02:07:31
LogInit: Compiled with Visual C++: 19.13.26129.00
LogInit: Build Configuration: Development
LogInit: Branch Name: ++UE4+Release-4.21
LogInit: Command Line: 
LogInit: Base Directory: D:/UE_4.21/Engine/Binaries/Win64/
LogInit: Installed Engine Build: 1
LogDevObjectVersion: Number of dev versions registered: 22
LogDevObjectVersion:   Dev-Blueprints (B0D832E4-1F89-4F0D-ACCF-7EB736FD4AA2): 10
LogDevObjectVersion:   Dev-Build (E1C64328-A22C-4D53-A36C-8E866417BD8C): 0
LogDevObjectVersion:   Dev-Core (375EC13C-06E4-48FB-B500-84F0262A717E): 2
LogDevObjectVersion:   Dev-Editor (E4B068ED-F494-42E9-A231-DA0B2E46BB41): 26
LogDevObjectVersion:   Dev-Framework (CFFC743F-43B0-4480-9391-14DF171D2073): 34
LogDevObjectVersion:   Dev-Mobile (B02B49B5-BB20-44E9-A304-32B752E40360): 2
LogDevObjectVersion:   Dev-Networking (A4E4105C-59A1-49B5-A7C5-40C4547EDFEE): 0
LogDevObjectVersion:   Dev-Online (39C831C9-5AE6-47DC-9A44-9C173E1C8E7C): 0
LogDevObjectVersion:   Dev-Physics (78F01B33-EBEA-4F98-B9B4-84EACCB95AA2): 0
LogDevObjectVersion:   Dev-Platform (6631380F-2D4D-43E0-8009-CF276956A95A): 0
LogDevObjectVersion:   Dev-Rendering (12F88B9F-8875-4AFC-A67C-D90C383ABD29): 27
LogDevObjectVersion:   Dev-Sequencer (7B5AE74C-D270-4C10-A958-57980B212A5A): 9
LogDevObjectVersion:   Dev-VR (D7296918-1DD6-4BDD-9DE2-64A83CC13884): 2
LogDevObjectVersion:   Dev-LoadTimes (C2A15278-BFE7-4AFE-6C17-90FF531DF755): 1
LogDevObjectVersion:   Private-Geometry (6EACA3D4-40EC-4CC1-B786-8BED09428FC5): 3
LogDevObjectVersion:   Dev-AnimPhys (29E575DD-E0A3-4627-9D10-D276232CDCEA): 17
LogDevObjectVersion:   Dev-Anim (AF43A65D-7FD3-4947-9873-3E8ED9C1BB05): 2
LogDevObjectVersion:   Dev-ReflectionCapture (6B266CEC-1EC7-4B8F-A30B-E4D90942FC07): 1
LogDevObjectVersion:   Dev-Automation (0DF73D61-A23F-47EA-B727-89E90C41499A): 1
LogDevObjectVersion:   FortniteMain (601D1886-AC64-4F84-AA16-D3DE0DEAC7D6): 17
LogDevObjectVersion:   Dev-Enterprise (9DFFBCD6-494F-0158-E221-12823C92A888): 4
LogDevObjectVersion:   Dev-Niagara (F2AED0AC-9AFE-416F-8664-AA7FFA26D6FC): 1
LogStreaming: Display: Took  0.000s to delete old logs.
LogInit: Presizing for max 8388607 objects, including 0 objects not considered by GC, pre-allocating 0 bytes for permanent pool.
LogInit: Object subsystem initialized
LogConfig: Setting CVar [[con.DebugEarlyDefault:1]]
LogConfig: Setting CVar [[r.setres:1280x720]]
[2019.08.15-17.56.47:499][  0]LogConfig: Setting CVar [[r.VSync:0]]
[2019.08.15-17.56.47:499][  0]LogConfig: Setting CVar [[r.RHICmdBypass:0]]
[2019.08.15-17.56.47:499][  0]LogConfig: Applying CVar settings from Section [/Script/Engine.RendererSettings] File [D:/Project_Unreal/Cosmo_Drivers/Base2/Saved/Config/Windows/Engine.ini]
[2019.08.15-17.56.47:499][  0]LogConfig: Setting CVar [[r.GPUCrashDebugging:0]]
[2019.08.15-17.56.47:499][  0]LogConfig: Applying CVar settings from Section [/Script/Engine.RendererOverrideSettings] File [D:/Project_Unreal/Cosmo_Drivers/Base2/Saved/Config/Windows/Engine.ini]
[2019.08.15-17.56.47:499][  0]LogConfig: Applying CVar settings from Section [/Script/Engine.StreamingSettings] File [D:/Project_Unreal/Cosmo_Drivers/Base2/Saved/Config/Windows/Engine.ini]
[2019.08.15-17.56.47:499][  0]LogConfig: Setting CVar [[s.MinBulkDataSizeForAsyncLoading:131072]]
[2019.08.15-17.56.47:499][  0]LogConfig: Setting CVar [[s.AsyncLoadingThreadEnabled:0]]
[2019.08.15-17.56.47:499][  0]LogConfig: Setting CVar [[s.EventDrivenLoaderEnabled:1]]
[2019.08.15-17.56.47:499][  0]LogConfig: Setting CVar [[s.WarnIfTimeLimitExceeded:0]]
[2019.08.15-17.56.47:499][  0]LogConfig: Setting CVar [[s.TimeLimitExceededMultiplier:1.5]]
[2019.08.15-17.56.47:499][  0]LogConfig: Setting CVar [[s.TimeLimitExceededMinTime:0.005]]
[2019.08.15-17.56.47:499][  0]LogConfig: Setting CVar [[s.UseBackgroundLevelStreaming:1]]
[2019.08.15-17.56.47:499][  0]LogConfig: Setting CVar [[s.PriorityAsyncLoadingExtraTime:15.0]]
[2019.08.15-17.56.47:499][  0]LogConfig: Setting CVar [[s.LevelStreamingActorsUpdateTimeLimit:5.0]]
[2019.08.15-17.56.47:499][  0]LogConfig: Setting CVar [[s.PriorityLevelStreamingActorsUpdateExtraTime:5.0]]
[2019.08.15-17.56.47:499][  0]LogConfig: Setting CVar [[s.LevelStreamingComponentsRegistrationGranularity:10]]
[2019.08.15-17.56.47:499][  0]LogConfig: Setting CVar [[s.UnregisterComponentsTimeLimit:1.0]]
[2019.08.15-17.56.47:499][  0]LogConfig: Setting CVar [[s.LevelStreamingComponentsUnregistrationGranularity:5]]
[2019.08.15-17.56.47:499][  0]LogConfig: Applying CVar settings from Section [/Script/Engine.GarbageCollectionSettings] File [D:/Project_Unreal/Cosmo_Drivers/Base2/Saved/Config/Windows/Engine.ini]
[2019.08.15-17.56.47:500][  0]LogConfig: Setting CVar [[gc.MaxObjectsNotConsideredByGC:1]]
[2019.08.15-17.56.47:500][  0]LogConfig: Setting CVar [[gc.SizeOfPermanentObjectPool:0]]
[2019.08.15-17.56.47:500][  0]LogConfig: Setting CVar [[gc.FlushStreamingOnGC:0]]
[2019.08.15-17.56.47:500][  0]LogConfig: Setting CVar [[gc.NumRetriesBeforeForcingGC:10]]
[2019.08.15-17.56.47:500][  0]LogConfig: Setting CVar [[gc.AllowParallelGC:1]]
[2019.08.15-17.56.47:500][  0]LogConfig: Setting CVar [[gc.TimeBetweenPurgingPendingKillObjects:61.1]]
[2019.08.15-17.56.47:500][  0]LogConfig: Setting CVar [[gc.MaxObjectsInEditor:8388607]]
[2019.08.15-17.56.47:500][  0]LogConfig: Setting CVar [[gc.IncrementalBeginDestroyEnabled:1]]
[2019.08.15-17.56.47:500][  0]LogConfig: Setting CVar [[gc.CreateGCClusters:1]]
[2019.08.15-17.56.47:500][  0]LogConfig: Setting CVar [[gc.MergeGCClusters:0]]
[2019.08.15-17.56.47:500][  0]LogConfig: Setting CVar [[gc.MinGCClusterSize:5]]
[2019.08.15-17.56.47:500][  0]LogConfig: Setting CVar [[gc.ActorClusteringEnabled:0]]
[2019.08.15-17.56.47:500][  0]LogConfig: Setting CVar [[gc.BlueprintClusteringEnabled:0]]
[2019.08.15-17.56.47:500][  0]LogConfig: Setting CVar [[gc.UseDisregardForGCOnDedicatedServers:0]]
[2019.08.15-17.56.47:500][  0]LogConfig: Applying CVar settings from Section [/Script/Engine.NetworkSettings] File [D:/Project_Unreal/Cosmo_Drivers/Base2/Saved/Config/Windows/Engine.ini]
[2019.08.15-17.56.47:500][  0]LogConfig: Applying CVar settings from Section [/Script/UnrealEd.CookerSettings] File [D:/Project_Unreal/Cosmo_Drivers/Base2/Saved/Config/Windows/Engine.ini]
[2019.08.15-17.56.47:503][  0]LogConfig: Applying CVar settings from Section [ViewDistanceQuality@3] File [D:/Project_Unreal/Cosmo_Drivers/Base2/Saved/Config/Windows/Scalability.ini]
[2019.08.15-17.56.47:503][  0]LogConfig: Setting CVar [[r.SkeletalMeshLODBias:0]]
[2019.08.15-17.56.47:503][  0]LogConfig: Setting CVar [[r.ViewDistanceScale:1.0]]
[2019.08.15-17.56.47:503][  0]LogConfig: Applying CVar settings from Section [AntiAliasingQuality@3] File [D:/Project_Unreal/Cosmo_Drivers/Base2/Saved/Config/Windows/Scalability.ini]
[2019.08.15-17.56.47:503][  0]LogConfig: Setting CVar [[r.PostProcessAAQuality:4]]
[2019.08.15-17.56.47:503][  0]LogConfig: Applying CVar settings from Section [ShadowQuality@3] File [D:/Project_Unreal/Cosmo_Drivers/Base2/Saved/Config/Windows/Scalability.ini]
[2019.08.15-17.56.47:503][  0]LogConfig: Setting CVar [[r.LightFunctionQuality:1]]
[2019.08.15-17.56.47:503][  0]LogConfig: Setting CVar [[r.ShadowQuality:5]]
[2019.08.15-17.56.47:503][  0]LogConfig: Setting CVar [[r.Shadow.CSM.MaxCascades:10]]
[2019.08.15-17.56.47:503][  0]LogConfig: Setting CVar [[r.Shadow.MaxResolution:2048]]
[2019.08.15-17.56.47:503][  0]LogConfig: Setting CVar [[r.Shadow.MaxCSMResolution:2048]]
[2019.08.15-17.56.47:503][  0]LogConfig: Setting CVar [[r.Shadow.RadiusThreshold:0.01]]
[2019.08.15-17.56.47:503][  0]LogConfig: Setting CVar [[r.Shadow.DistanceScale:1.0]]
[2019.08.15-17.56.47:503][  0]LogConfig: Setting CVar [[r.Shadow.CSM.TransitionScale:1.0]]
[2019.08.15-17.56.47:503][  0]LogConfig: Setting CVar [[r.Shadow.PreShadowResolutionFactor:1.0]]
[2019.08.15-17.56.47:503][  0]LogConfig: Setting CVar [[r.DistanceFieldShadowing:1]]
[2019.08.15-17.56.47:503][  0]LogConfig: Setting CVar [[r.DistanceFieldAO:1]]
[2019.08.15-17.56.47:503][  0]LogConfig: Setting CVar [[r.AOQuality:2]]
[2019.08.15-17.56.47:503][  0]LogConfig: Setting CVar [[r.VolumetricFog:1]]
[2019.08.15-17.56.47:503][  0]LogConfig: Setting CVar [[r.VolumetricFog.GridPixelSize:8]]
[2019.08.15-17.56.47:503][  0]LogConfig: Setting CVar [[r.VolumetricFog.GridSizeZ:128]]
[2019.08.15-17.56.47:503][  0]LogConfig: Setting CVar [[r.VolumetricFog.HistoryMissSupersampleCount:4]]
[2019.08.15-17.56.47:503][  0]LogConfig: Setting CVar [[r.LightMaxDrawDistanceScale:1]]
[2019.08.15-17.56.47:503][  0]LogConfig: Setting CVar [[r.CapsuleShadows:1]]
[2019.08.15-17.56.47:503][  0]LogConfig: Applying CVar settings from Section [PostProcessQuality@3] File [D:/Project_Unreal/Cosmo_Drivers/Base2/Saved/Config/Windows/Scalability.ini]
[2019.08.15-17.56.47:503][  0]LogConfig: Setting CVar [[r.MotionBlurQuality:4]]
[2019.08.15-17.56.47:503][  0]LogConfig: Setting CVar [[r.AmbientOcclusionMipLevelFactor:0.4]]
[2019.08.15-17.56.47:503][  0]LogConfig: Setting CVar [[r.AmbientOcclusionMaxQuality:100]]
[2019.08.15-17.56.47:503][  0]LogConfig: Setting CVar [[r.AmbientOcclusionLevels:-1]]
[2019.08.15-17.56.47:503][  0]LogConfig: Setting CVar [[r.AmbientOcclusionRadiusScale:1.0]]
[2019.08.15-17.56.47:503][  0]LogConfig: Setting CVar [[r.DepthOfFieldQuality:2]]
[2019.08.15-17.56.47:503][  0]LogConfig: Setting CVar [[r.RenderTargetPoolMin:400]]
[2019.08.15-17.56.47:503][  0]LogConfig: Setting CVar [[r.LensFlareQuality:2]]
[2019.08.15-17.56.47:503][  0]LogConfig: Setting CVar [[r.SceneColorFringeQuality:1]]
[2019.08.15-17.56.47:503][  0]LogConfig: Setting CVar [[r.EyeAdaptationQuality:2]]
[2019.08.15-17.56.47:503][  0]LogConfig: Setting CVar [[r.BloomQuality:5]]
[2019.08.15-17.56.47:503][  0]LogConfig: Setting CVar [[r.FastBlurThreshold:100]]
[2019.08.15-17.56.47:503][  0]LogConfig: Setting CVar [[r.Upscale.Quality:3]]
[2019.08.15-17.56.47:503][  0]LogConfig: Setting CVar [[r.Tonemapper.GrainQuantization:1]]
[2019.08.15-17.56.47:503][  0]LogConfig: Setting CVar [[r.LightShaftQuality:1]]
[2019.08.15-17.56.47:503][  0]LogConfig: Setting CVar [[r.Filter.SizeScale:1]]
[2019.08.15-17.56.47:503][  0]LogConfig: Setting CVar [[r.Tonemapper.Quality:5]]
[2019.08.15-17.56.47:503][  0]LogConfig: Setting CVar [[r.DOF.Gather.AccumulatorQuality:1        ; higher gathering accumulator quality]]
[2019.08.15-17.56.47:503][  0]LogConfig: Setting CVar [[r.DOF.Gather.PostfilterMethod:1          ; Median3x3 postfilering method]]
[2019.08.15-17.56.47:503][  0]LogConfig: Setting CVar [[r.DOF.Gather.EnableBokehSettings:0       ; no bokeh simulation when gathering]]
[2019.08.15-17.56.47:503][  0]LogConfig: Setting CVar [[r.DOF.Gather.RingCount:4                 ; medium number of samples when gathering]]
[2019.08.15-17.56.47:503][  0]LogConfig: Setting CVar [[r.DOF.Scatter.ForegroundCompositing:1    ; additive foreground scattering]]
[2019.08.15-17.56.47:503][  0]LogConfig: Setting CVar [[r.DOF.Scatter.BackgroundCompositing:2    ; additive background scattering]]
[2019.08.15-17.56.47:503][  0]LogConfig: Setting CVar [[r.DOF.Scatter.EnableBokehSettings:1      ; bokeh simulation when scattering]]
[2019.08.15-17.56.47:503][  0]LogConfig: Setting CVar [[r.DOF.Scatter.MaxSpriteRatio:0.1         ; only a maximum of 10% of scattered bokeh]]
[2019.08.15-17.56.47:503][  0]LogConfig: Setting CVar [[r.DOF.Recombine.Quality:1                ; cheap slight out of focus]]
[2019.08.15-17.56.47:503][  0]LogConfig: Setting CVar [[r.DOF.Recombine.EnableBokehSettings:0    ; no bokeh simulation on slight out of focus]]
[2019.08.15-17.56.47:503][  0]LogConfig: Setting CVar [[r.DOF.TemporalAAQuality:1                ; more stable temporal accumulation]]
[2019.08.15-17.56.47:503][  0]LogConfig: Setting CVar [[r.DOF.Kernel.MaxForegroundRadius:0.025]]
[2019.08.15-17.56.47:503][  0]LogConfig: Setting CVar [[r.DOF.Kernel.MaxBackgroundRadius:0.025]]
[2019.08.15-17.56.47:504][  0]LogConfig: Applying CVar settings from Section [TextureQuality@3] File [D:/Project_Unreal/Cosmo_Drivers/Base2/Saved/Config/Windows/Scalability.ini]
[2019.08.15-17.56.47:504][  0]LogConfig: Setting CVar [[r.Streaming.MipBias:0]]
[2019.08.15-17.56.47:504][  0]LogConfig: Setting CVar [[r.Streaming.AmortizeCPUToGPUCopy:0]]
[2019.08.15-17.56.47:504][  0]LogConfig: Setting CVar [[r.Streaming.MaxNumTexturesToStreamPerFrame:0]]
[2019.08.15-17.56.47:504][  0]LogConfig: Setting CVar [[r.Streaming.Boost:1]]
[2019.08.15-17.56.47:504][  0]LogConfig: Setting CVar [[r.MaxAnisotropy:8]]
[2019.08.15-17.56.47:504][  0]LogConfig: Setting CVar [[r.Streaming.LimitPoolSizeToVRAM:0]]
[2019.08.15-17.56.47:504][  0]LogConfig: Setting CVar [[r.Streaming.PoolSize:1000]]
[2019.08.15-17.56.47:504][  0]LogConfig: Setting CVar [[r.Streaming.MaxEffectiveScreenSize:0]]
[2019.08.15-17.56.47:504][  0]LogConfig: Applying CVar settings from Section [EffectsQuality@3] File [D:/Project_Unreal/Cosmo_Drivers/Base2/Saved/Config/Windows/Scalability.ini]
[2019.08.15-17.56.47:504][  0]LogConfig: Setting CVar [[r.TranslucencyLightingVolumeDim:64]]
[2019.08.15-17.56.47:504][  0]LogConfig: Setting CVar [[r.RefractionQuality:2]]
[2019.08.15-17.56.47:504][  0]LogConfig: Setting CVar [[r.SSR.Quality:3]]
[2019.08.15-17.56.47:504][  0]LogConfig: Setting CVar [[r.SceneColorFormat:4]]
[2019.08.15-17.56.47:504][  0]LogConfig: Setting CVar [[r.DetailMode:2]]
[2019.08.15-17.56.47:504][  0]LogConfig: Setting CVar [[r.TranslucencyVolumeBlur:1]]
[2019.08.15-17.56.47:504][  0]LogConfig: Setting CVar [[r.MaterialQualityLevel:1 ; High quality]]
[2019.08.15-17.56.47:504][  0]LogConfig: Setting CVar [[r.SSS.Scale:1]]
[2019.08.15-17.56.47:504][  0]LogConfig: Setting CVar [[r.SSS.SampleSet:2]]
[2019.08.15-17.56.47:504][  0]LogConfig: Setting CVar [[r.SSS.Quality:1]]
[2019.08.15-17.56.47:504][  0]LogConfig: Setting CVar [[r.SSS.HalfRes:1]]
[2019.08.15-17.56.47:504][  0]LogConfig: Setting CVar [[r.EmitterSpawnRateScale:1.0]]
[2019.08.15-17.56.47:504][  0]LogConfig: Setting CVar [[r.ParticleLightQuality:2]]
[2019.08.15-17.56.47:504][  0]LogConfig: Applying CVar settings from Section [FoliageQuality@3] File [D:/Project_Unreal/Cosmo_Drivers/Base2/Saved/Config/Windows/Scalability.ini]
[2019.08.15-17.56.47:504][  0]LogConfig: Setting CVar [[foliage.DensityScale:1.0]]
[2019.08.15-17.56.47:504][  0]LogConfig: Setting CVar [[grass.DensityScale:1.0]]
[2019.08.15-17.56.47:504][  0]LogInit: Selected Device Profile: [Windows]
[2019.08.15-17.56.47:504][  0]LogInit: Applying CVar settings loaded from the selected device profile: [Windows]
[2019.08.15-17.56.47:511][  0]LogHAL: Display: Platform has ~ 16 GB [17059442688 / 17179869184 / 16], which maps to Larger [LargestMinGB=32, LargerMinGB=12, DefaultMinGB=8, SmallerMinGB=6, SmallestMinGB=0)
[2019.08.15-17.56.47:511][  0]LogConfig: Setting CVar [[r.Vulkan.UseRealUBs:1]]
[2019.08.15-17.56.47:511][  0]LogInit: Going up to parent DeviceProfile []
[2019.08.15-17.56.47:511][  0]LogConfig: Applying CVar settings from Section [ViewDistanceQuality@3] File [D:/Project_Unreal/Cosmo_Drivers/Base2/Saved/Config/Windows/Scalability.ini]
[2019.08.15-17.56.47:511][  0]LogConfig: Setting CVar [[r.SkeletalMeshLODBias:0]]
[2019.08.15-17.56.47:511][  0]LogConfig: Setting CVar [[r.ViewDistanceScale:1.0]]
[2019.08.15-17.56.47:511][  0]LogConfig: Applying CVar settings from Section [AntiAliasingQuality@3] File [D:/Project_Unreal/Cosmo_Drivers/Base2/Saved/Config/Windows/Scalability.ini]
[2019.08.15-17.56.47:511][  0]LogConfig: Setting CVar [[r.PostProcessAAQuality:4]]
[2019.08.15-17.56.47:511][  0]LogConfig: Applying CVar settings from Section [ShadowQuality@3] File [D:/Project_Unreal/Cosmo_Drivers/Base2/Saved/Config/Windows/Scalability.ini]
[2019.08.15-17.56.47:511][  0]LogConfig: Setting CVar [[r.LightFunctionQuality:1]]
[2019.08.15-17.56.47:511][  0]LogConfig: Setting CVar [[r.ShadowQuality:5]]
[2019.08.15-17.56.47:511][  0]LogConfig: Setting CVar [[r.Shadow.CSM.MaxCascades:10]]
[2019.08.15-17.56.47:511][  0]LogConfig: Setting CVar [[r.Shadow.MaxResolution:2048]]
[2019.08.15-17.56.47:511][  0]LogConfig: Setting CVar [[r.Shadow.MaxCSMResolution:2048]]
[2019.08.15-17.56.47:511][  0]LogConfig: Setting CVar [[r.Shadow.RadiusThreshold:0.01]]
[2019.08.15-17.56.47:511][  0]LogConfig: Setting CVar [[r.Shadow.DistanceScale:1.0]]
[2019.08.15-17.56.47:511][  0]LogConfig: Setting CVar [[r.Shadow.CSM.TransitionScale:1.0]]
[2019.08.15-17.56.47:511][  0]LogConfig: Setting CVar [[r.Shadow.PreShadowResolutionFactor:1.0]]
[2019.08.15-17.56.47:511][  0]LogConfig: Setting CVar [[r.DistanceFieldShadowing:1]]
[2019.08.15-17.56.47:511][  0]LogConfig: Setting CVar [[r.DistanceFieldAO:1]]
[2019.08.15-17.56.47:511][  0]LogConfig: Setting CVar [[r.AOQuality:2]]
[2019.08.15-17.56.47:511][  0]LogConfig: Setting CVar [[r.VolumetricFog:1]]
[2019.08.15-17.56.47:511][  0]LogConfig: Setting CVar [[r.VolumetricFog.GridPixelSize:8]]
[2019.08.15-17.56.47:511][  0]LogConfig: Setting CVar [[r.VolumetricFog.GridSizeZ:128]]
[2019.08.15-17.56.47:511][  0]LogConfig: Setting CVar [[r.VolumetricFog.HistoryMissSupersampleCount:4]]
[2019.08.15-17.56.47:511][  0]LogConfig: Setting CVar [[r.LightMaxDrawDistanceScale:1]]
[2019.08.15-17.56.47:511][  0]LogConfig: Setting CVar [[r.CapsuleShadows:1]]
[2019.08.15-17.56.47:511][  0]LogConfig: Applying CVar settings from Section [PostProcessQuality@3] File [D:/Project_Unreal/Cosmo_Drivers/Base2/Saved/Config/Windows/Scalability.ini]
[2019.08.15-17.56.47:511][  0]LogConfig: Setting CVar [[r.MotionBlurQuality:4]]
[2019.08.15-17.56.47:511][  0]LogConfig: Setting CVar [[r.AmbientOcclusionMipLevelFactor:0.4]]
[2019.08.15-17.56.47:511][  0]LogConfig: Setting CVar [[r.AmbientOcclusionMaxQuality:100]]
[2019.08.15-17.56.47:511][  0]LogConfig: Setting CVar [[r.AmbientOcclusionLevels:-1]]
[2019.08.15-17.56.47:511][  0]LogConfig: Setting CVar [[r.AmbientOcclusionRadiusScale:1.0]]
[2019.08.15-17.56.47:512][  0]LogConfig: Setting CVar [[r.DepthOfFieldQuality:2]]
[2019.08.15-17.56.47:512][  0]LogConfig: Setting CVar [[r.RenderTargetPoolMin:400]]
[2019.08.15-17.56.47:512][  0]LogConfig: Setting CVar [[r.LensFlareQuality:2]]
[2019.08.15-17.56.47:512][  0]LogConfig: Setting CVar [[r.SceneColorFringeQuality:1]]
[2019.08.15-17.56.47:512][  0]LogConfig: Setting CVar [[r.EyeAdaptationQuality:2]]
[2019.08.15-17.56.47:512][  0]LogConfig: Setting CVar [[r.BloomQuality:5]]
[2019.08.15-17.56.47:512][  0]LogConfig: Setting CVar [[r.FastBlurThreshold:100]]
[2019.08.15-17.56.47:512][  0]LogConfig: Setting CVar [[r.Upscale.Quality:3]]
[2019.08.15-17.56.47:512][  0]LogConfig: Setting CVar [[r.Tonemapper.GrainQuantization:1]]
[2019.08.15-17.56.47:512][  0]LogConfig: Setting CVar [[r.LightShaftQuality:1]]
[2019.08.15-17.56.47:512][  0]LogConfig: Setting CVar [[r.Filter.SizeScale:1]]
[2019.08.15-17.56.47:512][  0]LogConfig: Setting CVar [[r.Tonemapper.Quality:5]]
[2019.08.15-17.56.47:512][  0]LogConfig: Setting CVar [[r.DOF.Gather.AccumulatorQuality:1        ; higher gathering accumulator quality]]
[2019.08.15-17.56.47:512][  0]LogConfig: Setting CVar [[r.DOF.Gather.PostfilterMethod:1          ; Median3x3 postfilering method]]
[2019.08.15-17.56.47:512][  0]LogConfig: Setting CVar [[r.DOF.Gather.EnableBokehSettings:0       ; no bokeh simulation when gathering]]
[2019.08.15-17.56.47:512][  0]LogConfig: Setting CVar [[r.DOF.Gather.RingCount:4                 ; medium number of samples when gathering]]
[2019.08.15-17.56.47:512][  0]LogConfig: Setting CVar [[r.DOF.Scatter.ForegroundCompositing:1    ; additive foreground scattering]]
[2019.08.15-17.56.47:512][  0]LogConfig: Setting CVar [[r.DOF.Scatter.BackgroundCompositing:2    ; additive background scattering]]
[2019.08.15-17.56.47:512][  0]LogConfig: Setting CVar [[r.DOF.Scatter.EnableBokehSettings:1      ; bokeh simulation when scattering]]
[2019.08.15-17.56.47:512][  0]LogConfig: Setting CVar [[r.DOF.Scatter.MaxSpriteRatio:0.1         ; only a maximum of 10% of scattered bokeh]]
[2019.08.15-17.56.47:512][  0]LogConfig: Setting CVar [[r.DOF.Recombine.Quality:1                ; cheap slight out of focus]]
[2019.08.15-17.56.47:512][  0]LogConfig: Setting CVar [[r.DOF.Recombine.EnableBokehSettings:0    ; no bokeh simulation on slight out of focus]]
[2019.08.15-17.56.47:512][  0]LogConfig: Setting CVar [[r.DOF.TemporalAAQuality:1                ; more stable temporal accumulation]]
[2019.08.15-17.56.47:512][  0]LogConfig: Setting CVar [[r.DOF.Kernel.MaxForegroundRadius:0.025]]
[2019.08.15-17.56.47:512][  0]LogConfig: Setting CVar [[r.DOF.Kernel.MaxBackgroundRadius:0.025]]
[2019.08.15-17.56.47:512][  0]LogConfig: Applying CVar settings from Section [TextureQuality@3] File [D:/Project_Unreal/Cosmo_Drivers/Base2/Saved/Config/Windows/Scalability.ini]
[2019.08.15-17.56.47:512][  0]LogConfig: Setting CVar [[r.Streaming.MipBias:0]]
[2019.08.15-17.56.47:512][  0]LogConfig: Setting CVar [[r.Streaming.AmortizeCPUToGPUCopy:0]]
[2019.08.15-17.56.47:512][  0]LogConfig: Setting CVar [[r.Streaming.MaxNumTexturesToStreamPerFrame:0]]
[2019.08.15-17.56.47:512][  0]LogConfig: Setting CVar [[r.Streaming.Boost:1]]
[2019.08.15-17.56.47:512][  0]LogConfig: Setting CVar [[r.MaxAnisotropy:8]]
[2019.08.15-17.56.47:512][  0]LogConfig: Setting CVar [[r.Streaming.LimitPoolSizeToVRAM:0]]
[2019.08.15-17.56.47:512][  0]LogConfig: Setting CVar [[r.Streaming.PoolSize:1000]]
[2019.08.15-17.56.47:512][  0]LogConfig: Setting CVar [[r.Streaming.MaxEffectiveScreenSize:0]]
[2019.08.15-17.56.47:512][  0]LogConfig: Applying CVar settings from Section [EffectsQuality@3] File [D:/Project_Unreal/Cosmo_Drivers/Base2/Saved/Config/Windows/Scalability.ini]
[2019.08.15-17.56.47:512][  0]LogConfig: Setting CVar [[r.TranslucencyLightingVolumeDim:64]]
[2019.08.15-17.56.47:512][  0]LogConfig: Setting CVar [[r.RefractionQuality:2]]
[2019.08.15-17.56.47:512][  0]LogConfig: Setting CVar [[r.SSR.Quality:3]]
[2019.08.15-17.56.47:512][  0]LogConfig: Setting CVar [[r.SceneColorFormat:4]]
[2019.08.15-17.56.47:512][  0]LogConfig: Setting CVar [[r.DetailMode:2]]
[2019.08.15-17.56.47:512][  0]LogConfig: Setting CVar [[r.TranslucencyVolumeBlur:1]]
[2019.08.15-17.56.47:512][  0]LogConfig: Setting CVar [[r.MaterialQualityLevel:1 ; High quality]]
[2019.08.15-17.56.47:512][  0]LogConfig: Setting CVar [[r.SSS.Scale:1]]
[2019.08.15-17.56.47:512][  0]LogConfig: Setting CVar [[r.SSS.SampleSet:2]]
[2019.08.15-17.56.47:512][  0]LogConfig: Setting CVar [[r.SSS.Quality:1]]
[2019.08.15-17.56.47:512][  0]LogConfig: Setting CVar [[r.SSS.HalfRes:1]]
[2019.08.15-17.56.47:512][  0]LogConfig: Setting CVar [[r.EmitterSpawnRateScale:1.0]]
[2019.08.15-17.56.47:512][  0]LogConfig: Setting CVar [[r.ParticleLightQuality:2]]
[2019.08.15-17.56.47:512][  0]LogConfig: Applying CVar settings from Section [FoliageQuality@3] File [D:/Project_Unreal/Cosmo_Drivers/Base2/Saved/Config/Windows/Scalability.ini]
[2019.08.15-17.56.47:512][  0]LogConfig: Setting CVar [[foliage.DensityScale:1.0]]
[2019.08.15-17.56.47:512][  0]LogConfig: Setting CVar [[grass.DensityScale:1.0]]
[2019.08.15-17.56.47:512][  0]LogConfig: Applying CVar settings from Section [Startup] File [../../../Engine/Config/ConsoleVariables.ini]
[2019.08.15-17.56.47:513][  0]LogConfig: Setting CVar [[net.UseAdaptiveNetUpdateFrequency:0]]
[2019.08.15-17.56.47:513][  0]LogConfig: Applying CVar settings from Section [ConsoleVariables] File [D:/Project_Unreal/Cosmo_Drivers/Base2/Saved/Config/Windows/Engine.ini]
[2019.08.15-17.56.47:513][  0]LogInit: Computer: DESKTOP-H147DRL
[2019.08.15-17.56.47:513][  0]LogInit: User: kelli
[2019.08.15-17.56.47:513][  0]LogInit: CPU Page size=4096, Cores=4
[2019.08.15-17.56.47:513][  0]LogInit: High frequency timer resolution =2.742193 MHz
[2019.08.15-17.56.47:513][  0]LogMemory: Memory total: Physical=15.9GB (16GB approx)
[2019.08.15-17.56.47:513][  0]LogMemory: Platform Memory Stats for Windows
[2019.08.15-17.56.47:513][  0]LogMemory: Process Physical Memory: 102.04 MB used, 102.04 MB peak
[2019.08.15-17.56.47:513][  0]LogMemory: Process Virtual Memory: 91.28 MB used, 91.28 MB peak
[2019.08.15-17.56.47:513][  0]LogMemory: Physical Memory: 7181.24 MB used,  9087.91 MB free, 16269.15 MB total
[2019.08.15-17.56.47:513][  0]LogMemory: Virtual Memory: 4633.60 MB used,  134213096.00 MB free, 134217728.00 MB total
[2019.08.15-17.56.47:537][  0]LogInit: Using OS detected language (fr-FR).
[2019.08.15-17.56.47:537][  0]LogInit: Using OS detected locale (fr-FR).
[2019.08.15-17.56.47:539][  0]LogTextLocalizationManager: No specific localization for 'fr-FR' exists, so the 'fr' localization will be used.
[2019.08.15-17.56.47:541][  0]LogStreaming: Display: Took  0.003s to InitEngineTextLocalization.
[2019.08.15-17.56.47:541][  0]LogInit: Setting process to per monitor DPI aware
[2019.08.15-17.56.47:585][  0]LogSlate: New Slate User Created.  User Index 0, Is Virtual User: 0
[2019.08.15-17.56.47:585][  0]LogSlate: Slate User Registered.  User Index 0, Is Virtual User: 0
[2019.08.15-17.56.48:383][  0]LogHMD: Failed to initialize OpenVR with code 110
[2019.08.15-17.56.48:383][  0]LogD3D11RHI: D3D11 adapters:
[2019.08.15-17.56.48:493][  0]LogD3D11RHI:    0. 'NVIDIA GeForce GTX 1060' (Feature Level 11_0)
[2019.08.15-17.56.48:493][  0]LogD3D11RHI:       2987/0/8134 MB DedicatedVideo/DedicatedSystem/SharedSystem, Outputs:1, VendorId:0x10de
[2019.08.15-17.56.48:505][  0]LogD3D11RHI:    1. 'Intel(R) HD Graphics 630' (Feature Level 11_0)
[2019.08.15-17.56.48:505][  0]LogD3D11RHI:       128/0/8134 MB DedicatedVideo/DedicatedSystem/SharedSystem, Outputs:0, VendorId:0x8086
[2019.08.15-17.56.48:507][  0]LogD3D11RHI:    2. 'Microsoft Basic Render Driver' (Feature Level 11_0)
[2019.08.15-17.56.48:507][  0]LogD3D11RHI:       0/0/8134 MB DedicatedVideo/DedicatedSystem/SharedSystem, Outputs:0, VendorId:0x1414
[2019.08.15-17.56.48:507][  0]LogD3D11RHI: Chosen D3D11 Adapter: 0
[2019.08.15-17.56.48:540][  0]LogD3D11RHI: Creating new Direct3DDevice
[2019.08.15-17.56.48:540][  0]LogD3D11RHI:     GPU DeviceId: 0x1c20 (for the marketing name, search the web for "GPU Device Id")
[2019.08.15-17.56.48:540][  0]LogWindows: EnumDisplayDevices:
[2019.08.15-17.56.48:540][  0]LogWindows:    0. 'Intel(R) HD Graphics 630' (P:1 D:1)
[2019.08.15-17.56.48:540][  0]LogWindows:    1. 'Intel(R) HD Graphics 630' (P:0 D:0)
[2019.08.15-17.56.48:541][  0]LogWindows:    2. 'Intel(R) HD Graphics 630' (P:0 D:0)
[2019.08.15-17.56.48:541][  0]LogWindows:    3. 'NVIDIA GeForce GTX 1060' (P:0 D:0)
[2019.08.15-17.56.48:541][  0]LogWindows:    4. 'NVIDIA GeForce GTX 1060' (P:0 D:0)
[2019.08.15-17.56.48:542][  0]LogWindows:    5. 'NVIDIA GeForce GTX 1060' (P:0 D:0)
[2019.08.15-17.56.48:542][  0]LogWindows:    6. 'NVIDIA GeForce GTX 1060' (P:0 D:0)
[2019.08.15-17.56.48:542][  0]LogWindows: DebugString: PrimaryIsNotTheChoosenAdapter PrimaryIsNotTheChoosenAdapter PrimaryIsNotTheChoosenAdapter FoundDriverCount:4 
[2019.08.15-17.56.48:542][  0]LogD3D11RHI:     Adapter Name: NVIDIA GeForce GTX 1060
[2019.08.15-17.56.48:542][  0]LogD3D11RHI:   Driver Version: 418.81 (internal:25.21.14.1881, unified:418.81)
[2019.08.15-17.56.48:542][  0]LogD3D11RHI:      Driver Date: 1-30-2019
[2019.08.15-17.56.48:542][  0]LogRHI: Texture pool is 2090 MB (70% of 2987 MB)
[2019.08.15-17.56.48:587][  0]LogD3D11RHI: Async texture creation enabled
[2019.08.15-17.56.48:598][  0]LogD3D11RHI: GPU Timing Frequency: 1000.000000 (Debug: 2 1)
[2019.08.15-17.56.48:919][  0]LogTemp: Display: Loaded TP AllDesktopTargetPlatform
[2019.08.15-17.56.48:930][  0]LogTemp: Display: Loaded TP MacClientTargetPlatform
[2019.08.15-17.56.48:943][  0]LogTemp: Display: Loaded TP MacNoEditorTargetPlatform
[2019.08.15-17.56.48:954][  0]LogTemp: Display: Loaded TP MacServerTargetPlatform
[2019.08.15-17.56.48:966][  0]LogTemp: Display: Loaded TP MacTargetPlatform
[2019.08.15-17.56.48:978][  0]LogTemp: Display: Loaded TP WindowsClientTargetPlatform
[2019.08.15-17.56.48:990][  0]LogTemp: Display: Loaded TP WindowsNoEditorTargetPlatform
[2019.08.15-17.56.49:002][  0]LogTemp: Display: Loaded TP WindowsServerTargetPlatform
[2019.08.15-17.56.49:008][  0]LogTemp: Display: Loaded TP WindowsTargetPlatform
[2019.08.15-17.56.49:083][  0]LogTemp: Display: Loaded TP AndroidTargetPlatform
[2019.08.15-17.56.49:083][  0]LogTemp: Display: Loaded TP AndroidTargetPlatform
[2019.08.15-17.56.49:083][  0]LogTemp: Display: Loaded TP AndroidTargetPlatform
[2019.08.15-17.56.49:083][  0]LogTemp: Display: Loaded TP AndroidTargetPlatform
[2019.08.15-17.56.49:083][  0]LogTemp: Display: Loaded TP AndroidTargetPlatform
[2019.08.15-17.56.49:083][  0]LogTemp: Display: Loaded TP AndroidTargetPlatform
[2019.08.15-17.56.49:083][  0]LogTemp: Display: Loaded TP AndroidTargetPlatform
[2019.08.15-17.56.49:083][  0]LogTemp: Display: Loaded TP AndroidTargetPlatform
[2019.08.15-17.56.49:083][  0]LogTemp: Display: Loaded TP AndroidTargetPlatform
[2019.08.15-17.56.49:083][  0]LogTemp: Display: Loaded TP AndroidTargetPlatform
[2019.08.15-17.56.49:083][  0]LogTemp: Display: Loaded TP AndroidTargetPlatform
[2019.08.15-17.56.49:083][  0]LogTemp: Display: Loaded TP AndroidTargetPlatform
[2019.08.15-17.56.49:083][  0]LogTemp: Display: Loaded TP AndroidTargetPlatform
[2019.08.15-17.56.49:083][  0]LogTemp: Display: Loaded TP AndroidTargetPlatform
[2019.08.15-17.56.49:083][  0]LogTemp: Display: Loaded TP AndroidTargetPlatform
[2019.08.15-17.56.49:083][  0]LogTemp: Display: Loaded TP AndroidTargetPlatform
[2019.08.15-17.56.49:083][  0]LogTemp: Display: Loaded TP AndroidTargetPlatform
[2019.08.15-17.56.49:083][  0]LogTemp: Display: Loaded TP AndroidTargetPlatform
[2019.08.15-17.56.49:085][  0]LogTemp: Display: Loaded TP HTML5TargetPlatform
[2019.08.15-17.56.49:141][  0]LogTemp: Display: Loaded TP IOSTargetPlatform
[2019.08.15-17.56.49:141][  0]LogTemp: Display: Loaded TP IOSTargetPlatform
[2019.08.15-17.56.49:163][  0]LogTemp: Display: Loaded TP TVOSTargetPlatform
[2019.08.15-17.56.49:163][  0]LogTemp: Display: Loaded TP TVOSTargetPlatform
[2019.08.15-17.56.49:174][  0]LogTemp: Display: Loaded TP LinuxClientTargetPlatform
[2019.08.15-17.56.49:185][  0]LogTemp: Display: Loaded TP LinuxNoEditorTargetPlatform
[2019.08.15-17.56.49:196][  0]LogTemp: Display: Loaded TP LinuxServerTargetPlatform
[2019.08.15-17.56.49:207][  0]LogTemp: Display: Loaded TP LinuxTargetPlatform
[2019.08.15-17.56.49:245][  0]LogTemp: Display: Loaded TP LuminTargetPlatform
[2019.08.15-17.56.49:245][  0]LogTemp: Display: Loaded TP LuminTargetPlatform
[2019.08.15-17.56.49:245][  0]LogTargetPlatformManager: Display: Building Assets For Windows
[2019.08.15-17.56.49:295][  0]LogShaderCompilers: Guid format shader working directory is 0 characters bigger than the processId version (../../../../Project_Unreal/Cosmo_Drivers/Base2/Intermediate/Shaders/WorkingDirectory/7664/).
[2019.08.15-17.56.49:295][  0]LogShaderCompilers: Cleaned the shader compiler working directory 'C:/Users/kelli/AppData/Local/Temp/UnrealShaderWorkingDir/9B9167234AECCF46927D1F98E1843E52/'.
[2019.08.15-17.56.49:296][  0]LogXGEController: Cleaning working directory: C:/Users/kelli/AppData/Local/Temp/UnrealXGEWorkingDir/
[2019.08.15-17.56.49:297][  0]LogXGEController: Cannot use XGE Controller as Incredibuild is not installed on this machine.
[2019.08.15-17.56.49:297][  0]LogShaderCompilers: Cannot use XGE Shader Compiler as Incredibuild is not installed on this machine.
[2019.08.15-17.56.49:297][  0]LogShaderCompilers: Display: Using Local Shader Compiler.
[2019.08.15-17.56.49:816][  0]LogDerivedDataCache: Display: Max Cache Size: 512 MB
[2019.08.15-17.56.49:863][  0]LogDerivedDataCache: Loaded boot cache 0.05s 71MB C:/Users/kelli/AppData/Local/UnrealEngine/4.21/DerivedDataCache/Boot.ddc.
[2019.08.15-17.56.49:863][  0]LogDerivedDataCache: Display: Loaded Boot cache: C:/Users/kelli/AppData/Local/UnrealEngine/4.21/DerivedDataCache/Boot.ddc
[2019.08.15-17.56.49:863][  0]LogDerivedDataCache: FDerivedDataBackendGraph:  Pak pak cache file ../../../../Project_Unreal/Cosmo_Drivers/Base2/DerivedDataCache/DDC.ddp not found, will not use a pak cache.
[2019.08.15-17.56.49:863][  0]LogDerivedDataCache: Unable to find inner node Pak for hierarchical cache Hierarchy.
[2019.08.15-17.56.49:863][  0]LogDerivedDataCache: FDerivedDataBackendGraph:  CompressedPak pak cache file ../../../../Project_Unreal/Cosmo_Drivers/Base2/DerivedDataCache/Compressed.ddp not found, will not use a pak cache.
[2019.08.15-17.56.49:863][  0]LogDerivedDataCache: Unable to find inner node CompressedPak for hierarchical cache Hierarchy.
[2019.08.15-17.56.49:878][  0]LogDerivedDataCache: Display: Pak cache opened for reading ../../../Engine/DerivedDataCache/Compressed.ddp.
[2019.08.15-17.56.49:878][  0]LogDerivedDataCache: FDerivedDataBackendGraph:  EnterprisePak pak cache file ../../../Enterprise/DerivedDataCache/Compressed.ddp not found, will not use a pak cache.
[2019.08.15-17.56.49:878][  0]LogDerivedDataCache: Unable to find inner node EnterprisePak for hierarchical cache Hierarchy.
[2019.08.15-17.56.49:890][  0]LogDerivedDataCache: Using Local data cache path C:/Users/kelli/AppData/Local/UnrealEngine/Common/DerivedDataCache: Writable
[2019.08.15-17.56.49:890][  0]LogDerivedDataCache: Shared data cache path not found in *engine.ini, will not use an Shared cache.
[2019.08.15-17.56.49:890][  0]LogDerivedDataCache: Unable to find inner node Shared for hierarchical cache Hierarchy.
[2019.08.15-17.56.49:914][  0]LogMaterial: Verifying Global Shaders for PCD3D_SM5
[2019.08.15-17.56.49:915][  0]LogSlate: Using FreeType 2.6.0
[2019.08.15-17.56.49:916][  0]LogSlate: SlateFontServices - WITH_FREETYPE: 1, WITH_HARFBUZZ: 1
[2019.08.15-17.56.50:006][  0]LogAssetRegistry: FAssetRegistry took 0.0322 seconds to start up
[2019.08.15-17.56.50:308][  0]LogFileManager: Warning: MoveFile was unable to move '../../../../Project_Unreal/Cosmo_Drivers/Base2/Intermediate/CachedAssetRegistry.bin.tmp' to '../../../../Project_Unreal/Cosmo_Drivers/Base2/Intermediate/CachedAssetRegistry.bin', retrying in .5s...
[2019.08.15-17.56.50:308][  0]LogInit: Selected Device Profile: [Windows]
[2019.08.15-17.56.50:455][  0]LogSimplygon: Simplygon DLL not present - disabling.
[2019.08.15-17.56.50:459][  0]LogMeshReduction: Using SimplygonSwarm for distributed automatic mesh merging
[2019.08.15-17.56.50:459][  0]LogMeshReduction: Using ProxyLODMeshReduction for automatic mesh merging
[2019.08.15-17.56.50:459][  0]LogMeshReduction: Using QuadricMeshReduction for automatic static mesh reduction
[2019.08.15-17.56.50:459][  0]LogMeshReduction: No automatic skeletal mesh reduction module available
[2019.08.15-17.56.50:473][  0]LogNetVersion: Base2 1.0.0, NetCL: 4541578, EngineNetVer: 5, GameNetVer: 0 (Checksum: 785109805)
[2019.08.15-17.56.50:924][  0]LogFileManager: Warning: MoveFile recovered during retry!
[2019.08.15-17.56.50:924][  0]LogPackageLocalizationCache: Processed 11 localized package path(s) for 2 prioritized culture(s) in 0.061232 seconds
[2019.08.15-17.56.50:931][  0]LogUObjectArray: 39775 objects as part of root set at end of initial load.
[2019.08.15-17.56.50:931][  0]LogUObjectAllocator: 6914664 out of 0 bytes used by permanent object pool.
[2019.08.15-17.56.50:931][  0]LogUObjectArray: CloseDisregardForGC: 0/0 objects in disregard for GC pool
[2019.08.15-17.56.51:833][  0]LogTcpMessaging: Initializing TcpMessaging bridge
[2019.08.15-17.56.51:846][  0]LogUdpMessaging: Initializing bridge on interface 0.0.0.0:0 to multicast group 230.0.0.1:6666.
[2019.08.15-17.56.52:598][  0]SourceControl: Source control is disabled
[2019.08.15-17.56.52:598][  0]SourceControl: Source control is disabled
[2019.08.15-17.56.52:600][  0]SourceControl: Source control is disabled
[2019.08.15-17.56.52:601][  0]SourceControl: Source control is disabled
[2019.08.15-17.56.52:755][  0]LogAndroidPermission: UAndroidPermissionCallbackProxy::GetInstance
[2019.08.15-17.56.52:800][  0]LogOcInput: OculusInput pre-init called
[2019.08.15-17.56.52:931][  0]LogEngine: Initializing Engine...
[2019.08.15-17.56.52:932][  0]LogHMD: Failed to initialize OpenVR with code 110
[2019.08.15-17.56.52:933][  0]LogStats: UGameplayTagsManager::ConstructGameplayTagTree: ImportINI prefixes -  0.000 s
[2019.08.15-17.56.52:933][  0]LogStats: UGameplayTagsManager::ConstructGameplayTagTree: Construct from data asset -  0.000 s
[2019.08.15-17.56.52:933][  0]LogStats: UGameplayTagsManager::ConstructGameplayTagTree: ImportINI -  0.000 s
[2019.08.15-17.56.52:933][  0]LogStats: UGameplayTagsManager::ConstructGameplayTagTree: GameplayTagTreeChangedEvent.Broadcast -  0.000 s
[2019.08.15-17.56.53:154][  0]LogInit: Initializing FReadOnlyCVARCache
[2019.08.15-17.56.53:168][  0]LogAIModule: Creating AISystem for world Untitled
[2019.08.15-17.56.53:175][  0]LogInit: XAudio2 using 'Haut-parleurs (Realtek High Definition Audio)' : 2 channels at 48 kHz using 32 bits per sample (channel mask 0x3)
[2019.08.15-17.56.53:326][  0]LogInit: FAudioDevice initialized.
[2019.08.15-17.56.53:326][  0]LogNetVersion: Set ProjectVersion to 1.0.0.0. Version Checksum will be recalculated on next use.
[2019.08.15-17.56.53:410][  0]LogDerivedDataCache: Saved boot cache 0.08s 71MB C:/Users/kelli/AppData/Local/UnrealEngine/4.21/DerivedDataCache/Boot.ddc.
[2019.08.15-17.56.53:419][  0]LogInit: Texture streaming: Enabled
[2019.08.15-17.56.53:438][  0]LogEngineSessionManager: EngineSessionManager initialized
[2019.08.15-17.56.53:438][  0]LogEngineSessionManager: EngineSessionManager sent abnormal shutdown report. Type=Crashed, SessionId={8A889764-4239-EF93-D7A0-9180567160EB}
[2019.08.15-17.56.53:450][  0]LogInit: Transaction tracking system initialized
[2019.08.15-17.56.53:471][  0]BlueprintLog: New page: Editor Load
[2019.08.15-17.56.53:542][  0]LocalizationService: Localization service is disabled
[2019.08.15-17.56.53:947][  0]LogFileCache: Scanning file cache for directory 'D:/Project_Unreal/Cosmo_Drivers/Base2/Content/' took 0.02s
[2019.08.15-17.56.53:948][  0]LogCook: Display: Max memory allowance for cook 16384mb min free memory 0mb
[2019.08.15-17.56.53:948][  0]LogCook: Display: Mobile HDR setting 1
[2019.08.15-17.56.53:948][  0]LogGameplayTags: Display: UGameplayTagsManager::DoneAddingNativeTags. DelegateIsBound: 0
[2019.08.15-17.56.53:948][  0]LogStats: UGameplayTagsManager::ConstructGameplayTagTree: ImportINI prefixes -  0.000 s
[2019.08.15-17.56.53:948][  0]LogStats: UGameplayTagsManager::ConstructGameplayTagTree: Construct from data asset -  0.000 s
[2019.08.15-17.56.53:948][  0]LogStats: UGameplayTagsManager::ConstructGameplayTagTree: ImportINI -  0.000 s
[2019.08.15-17.56.53:948][  0]LogStats: UGameplayTagsManager::ConstructGameplayTagTree: GameplayTagTreeChangedEvent.Broadcast -  0.000 s
[2019.08.15-17.56.54:024][  0]LogLinker: Warning: Can't find file '/Engine/BasicShapes/Sphere'
[2019.08.15-17.56.54:024][  0]LogLinker: Warning: Can't find file '/Engine/BasicShapes/Sphere'
[2019.08.15-17.56.54:024][  0]LogUObjectGlobals: Warning: Failed to find object 'StaticMesh /Engine/BasicShapes/Sphere.Sphere'
[2019.08.15-17.56.54:079][  0]SourceControl: Source control is disabled
[2019.08.15-17.56.54:080][  0]Cmd: MAP LOAD FILE="../../../../Project_Unreal/Cosmo_Drivers/Base2/Content/ThirdPersonBP/Main_Menu/Main_Menu.umap" TEMPLATE=0 SHOWPROGRESS=1 FEATURELEVEL=3
[2019.08.15-17.56.54:080][  0]LightingResults: New page: Lighting Build
[2019.08.15-17.56.54:084][  0]MapCheck: New page: Map Check
[2019.08.15-17.56.54:084][  0]LightingResults: New page: Lighting Build
[2019.08.15-17.56.54:132][  0]LogAIModule: Creating AISystem for world Main_Menu
[2019.08.15-17.56.54:133][  0]LogEditorServer: Finished looking for orphan Actors (0.000 secs)
[2019.08.15-17.56.54:157][  0]Cmd: MAP CHECKDEP NOCLEARLOG
[2019.08.15-17.56.54:157][  0]MapCheck: Map check complete: 0 Error(s), 0 Warning(s), took 0,082ms to complete.
[2019.08.15-17.56.54:157][  0]LogFileHelpers: Loading map 'Main_Menu' took 0.078
[2019.08.15-17.56.54:254][  0]LogSlate: Updating window title bar state: overlay mode, drag disabled, window buttons hidden, title bar hidden
[2019.08.15-17.56.54:261][  0]LogSlate: Updating window title bar state: overlay mode, drag disabled, window buttons hidden, title bar hidden
[2019.08.15-17.56.54:269][  0]LogSlate: Updating window title bar state: overlay mode, drag disabled, window buttons hidden, title bar hidden
[2019.08.15-17.56.54:278][  0]LogSlate: Updating window title bar state: overlay mode, drag disabled, window buttons hidden, title bar hidden
[2019.08.15-17.56.54:284][  0]LogCollectionManager: Loaded 0 collections in 0.001551 seconds
[2019.08.15-17.56.54:300][  0]LogFileCache: Scanning file cache for directory 'D:/Project_Unreal/Cosmo_Drivers/Base2/Saved/Collections/' took 0.01s
[2019.08.15-17.56.54:300][  0]LogFileCache: Scanning file cache for directory 'D:/Project_Unreal/Cosmo_Drivers/Base2/Content/Developers/kelli/Collections/' took 0.00s
[2019.08.15-17.56.54:300][  0]LogFileCache: Scanning file cache for directory 'D:/Project_Unreal/Cosmo_Drivers/Base2/Content/Collections/' took 0.00s
[2019.08.15-17.56.54:300][  0]LogCollectionManager: Rebuilt the GUID cache for 0 collections in 0.000001 seconds
[2019.08.15-17.56.54:309][  0]LogContentBrowser: Native class hierarchy populated in 0.0082 seconds. Added 2651 classes and 620 folders.
[2019.08.15-17.56.54:316][  0]LogContentBrowser: Native class hierarchy updated for 'WidgetCarousel' in 0.0002 seconds. Added 0 classes and 0 folders.
[2019.08.15-17.56.54:318][  0]LogPakFile: Registered encryption key '00000000000000000000000000000000': 0 pak files mounted, 0 remain pending
[2019.08.15-17.56.54:319][  0]LogPakFile: Registered encryption key '00000000000000000000000000000000': 0 pak files mounted, 0 remain pending
[2019.08.15-17.56.54:319][  0]LogPakFile: Registered encryption key '00000000000000000000000000000000': 0 pak files mounted, 0 remain pending
[2019.08.15-17.56.54:320][  0]LogPakFile: Registered encryption key '00000000000000000000000000000000': 0 pak files mounted, 0 remain pending
[2019.08.15-17.56.54:320][  0]LogPakFile: Registered encryption key '00000000000000000000000000000000': 0 pak files mounted, 0 remain pending
[2019.08.15-17.56.54:321][  0]LogPakFile: Registered encryption key '00000000000000000000000000000000': 0 pak files mounted, 0 remain pending
[2019.08.15-17.56.54:322][  0]LogPakFile: Registered encryption key '00000000000000000000000000000000': 0 pak files mounted, 0 remain pending
[2019.08.15-17.56.54:322][  0]LogPakFile: Registered encryption key '00000000000000000000000000000000': 0 pak files mounted, 0 remain pending
[2019.08.15-17.56.54:323][  0]LogPakFile: Registered encryption key '00000000000000000000000000000000': 0 pak files mounted, 0 remain pending
[2019.08.15-17.56.54:323][  0]LogPakFile: Registered encryption key '00000000000000000000000000000000': 0 pak files mounted, 0 remain pending
[2019.08.15-17.56.54:324][  0]LogPakFile: Registered encryption key '00000000000000000000000000000000': 0 pak files mounted, 0 remain pending
[2019.08.15-17.56.54:324][  0]LogPakFile: Registered encryption key '00000000000000000000000000000000': 0 pak files mounted, 0 remain pending
[2019.08.15-17.56.54:325][  0]LogPakFile: Registered encryption key '00000000000000000000000000000000': 0 pak files mounted, 0 remain pending
[2019.08.15-17.56.54:325][  0]LogPakFile: Registered encryption key '00000000000000000000000000000000': 0 pak files mounted, 0 remain pending
[2019.08.15-17.56.54:326][  0]LogPakFile: Registered encryption key '00000000000000000000000000000000': 0 pak files mounted, 0 remain pending
[2019.08.15-17.56.54:326][  0]LogPakFile: Registered encryption key '00000000000000000000000000000000': 0 pak files mounted, 0 remain pending
[2019.08.15-17.56.54:327][  0]LogPakFile: Registered encryption key '00000000000000000000000000000000': 0 pak files mounted, 0 remain pending
[2019.08.15-17.56.54:328][  0]LogPakFile: Registered encryption key '00000000000000000000000000000000': 0 pak files mounted, 0 remain pending
[2019.08.15-17.56.54:328][  0]LogPakFile: Registered encryption key '00000000000000000000000000000000': 0 pak files mounted, 0 remain pending
[2019.08.15-17.56.54:329][  0]LogPakFile: Registered encryption key '00000000000000000000000000000000': 0 pak files mounted, 0 remain pending
[2019.08.15-17.56.54:329][  0]LogPakFile: Registered encryption key '00000000000000000000000000000000': 0 pak files mounted, 0 remain pending
[2019.08.15-17.56.54:330][  0]LogPakFile: Registered encryption key '00000000000000000000000000000000': 0 pak files mounted, 0 remain pending
[2019.08.15-17.56.54:330][  0]LogPakFile: Registered encryption key '00000000000000000000000000000000': 0 pak files mounted, 0 remain pending
[2019.08.15-17.56.54:331][  0]LogPakFile: Registered encryption key '00000000000000000000000000000000': 0 pak files mounted, 0 remain pending
[2019.08.15-17.56.54:332][  0]LogPakFile: Registered encryption key '00000000000000000000000000000000': 0 pak files mounted, 0 remain pending
[2019.08.15-17.56.54:332][  0]LogPakFile: Registered encryption key '00000000000000000000000000000000': 0 pak files mounted, 0 remain pending
[2019.08.15-17.56.54:388][  0]LogContentBrowser: Native class hierarchy updated for 'AddContentDialog' in 0.0002 seconds. Added 0 classes and 0 folders.
[2019.08.15-17.56.54:392][  0]LogContentBrowser: Native class hierarchy updated for 'SceneOutliner' in 0.0002 seconds. Added 1 classes and 2 folders.
[2019.08.15-17.56.54:448][  0]LogSlate: Took 0.000206 seconds to synchronously load lazily loaded font '../../../Engine/Content/Slate/Fonts/Roboto-Regular.ttf' (155K)
[2019.08.15-17.56.54:450][  0]LogSlate: Took 0.000228 seconds to synchronously load lazily loaded font '../../../Engine/Content/Slate/Fonts/Roboto-Bold.ttf' (160K)
[2019.08.15-17.56.54:457][  0]LogSlate: Took 0.000238 seconds to synchronously load lazily loaded font '../../../Engine/Content/Editor/Slate/Fonts/FontAwesome.ttf' (139K)
[2019.08.15-17.56.54:538][  0]LogRenderer: Reallocating scene render targets to support 856x480 Format 10 NumSamples 1 (Frame:1).
[2019.08.15-17.56.54:670][  0]LogContentBrowser: Native class hierarchy updated for 'HierarchicalLODOutliner' in 0.0003 seconds. Added 0 classes and 0 folders.
[2019.08.15-17.56.54:670][  0]LogLoad: (Engine Initialization) Total time: 9.13 seconds
[2019.08.15-17.56.54:670][  0]LogLoad: (Engine Initialization) Total Blueprint compile time: 0.00 seconds
[2019.08.15-17.56.54:688][  0]LogWindowsTextInputMethodSystem: Display: IME system now deactivated.
[2019.08.15-17.56.54:727][  0]LogAssetRegistry: Asset discovery search completed in 4.7433 seconds
[2019.08.15-17.56.54:730][  0]LogCollectionManager: Rebuilt the object cache for 0 collections in 0.000000 seconds (found 0 objects)
[2019.08.15-17.56.54:730][  0]LogCollectionManager: Fixed up redirectors for 0 collections in 0.000057 seconds (updated 0 objects)
[2019.08.15-17.56.54:731][  0]LogContentStreaming: Texture pool size now 1000 MB
[2019.08.15-17.56.54:754][  0]LogSlate: Took 0.000194 seconds to synchronously load lazily loaded font '../../../Engine/Content/Slate/Fonts/Roboto-Light.ttf' (167K)
[2019.08.15-17.56.54:759][  1]LogFileCache: Retrieving MD5 hashes for directory 'D:/Project_Unreal/Cosmo_Drivers/Base2/Content/' took 0.06s
[2019.08.15-17.56.57:731][172]LogSlate: Took 0.000220 seconds to synchronously load lazily loaded font '../../../Engine/Content/Slate/Fonts/Roboto-Light.ttf' (167K)
[2019.08.15-17.57.24:862][797]LogSlate: FSceneViewport::OnFocusLost() reason 0
[2019.08.15-17.57.54:568][563]LogBlueprint: Warning: [Compiler BP_KartPawnBase] Default value for  B  on  float - float  has changed and this asset is from a version that may have had incorrect default value information - verify and resave
[2019.08.15-17.57.54:569][563]LogBlueprint: Warning: [Compiler BP_KartPawnBase] Default value for  B  on  float / float  has changed and this asset is from a version that may have had incorrect default value information - verify and resave
[2019.08.15-17.57.54:569][563]LogBlueprint: Warning: [Compiler BP_KartPawnBase] Default value for  B  on  float + float  has changed and this asset is from a version that may have had incorrect default value information - verify and resave
[2019.08.15-17.57.54:617][563]LogBlueprint: Warning: [Compiler BP_KartPawnBase] Add Angular Impulse  is deprecated; Use AddAngularImpulseInRadians instead
[2019.08.15-17.57.54:620][563]LogBlueprint: Warning: [Compiler BP_KartPawnBase] Add Torque  is deprecated; Use AddTorqueInRadians instead
[2019.08.15-17.57.54:650][563]LogBlueprint: Warning: [Compiler BP_KartPawnBase] [0069,11] Compile of BP_KartPawnBase successful, but with 5 Warning(s) [in 108 ms] (/Game/Blueprints/BP_KartPawnBase.BP_KartPawnBase)
[2019.08.15-17.57.54:880][563]LogLinker: Warning: Can't find file '/Game/Maps/Map_Example_BuiltData'
[2019.08.15-17.57.54:880][563]LogLinker: Warning: Can't find file for asset '/Game/Maps/Map_Example_BuiltData' while loading ../../../../Project_Unreal/Cosmo_Drivers/Base2/Content/Maps/Map_Example.umap.
[2019.08.15-17.57.54:880][563]LoadErrors: Error: /Game/Maps/Map_Example : Can't find file for asset. /Game/Maps/Map_Example_BuiltData
[2019.08.15-17.57.54:934][563]LogLinker: Warning: Can't find file '/Game/Maps/Map_Example_BuiltData'
[2019.08.15-17.57.54:934][563]LogLinker: Warning: Can't find file for asset '/Game/Maps/Map_Example_BuiltData' while loading ../../../../Project_Unreal/Cosmo_Drivers/Base2/Content/Maps/Map_Example.umap.
[2019.08.15-17.57.54:938][563]LogLinker: Warning: Can't find file '/Game/Maps/Map_Example_BuiltData'
[2019.08.15-17.57.54:938][563]LogLinker: Warning: Can't find file for asset '/Game/Maps/Map_Example_BuiltData' while loading NULL.
[2019.08.15-17.57.54:938][563]LogLinker: Warning: Can't find file '/Game/Maps/Map_Example_BuiltData'
[2019.08.15-17.57.54:938][563]LogLinker: Warning: Can't find file for asset '/Game/Maps/Map_Example_BuiltData' while loading NULL.
[2019.08.15-17.57.55:034][563]LogTexture: Display: Building textures: T_Arrows (BGRA8, 94X94)
[2019.08.15-17.57.55:034][563]LogTexture: Display: Building textures: T_RampMask (AutoDXT, 512X512)
[2019.08.15-17.57.55:034][563]LogTexture: Display: Building textures: T_Floor (AutoDXT, 256X256)
[2019.08.15-17.57.55:034][563]LogTexture: Display: Building textures: RearViewMirorMask (AutoDXT, 800X800)
[2019.08.15-17.57.55:034][563]LogTexture: Display: Building textures: T_RearViewMiror (AutoDXT, 800X800)
[2019.08.15-17.57.55:034][563]LogLinker: Warning: Can't find file '/Game/Maps/Map_Example_BuiltData'
[2019.08.15-17.57.55:034][563]LoadErrors: Failed to load /Game/Maps/Map_Example_BuiltData.Map_Example_BuiltData Referenced by PersistentLevel
[2019.08.15-17.57.55:034][563]LogLinker: Warning: Can't find file for asset '/Game/Maps/Map_Example_BuiltData' while loading NULL.
[2019.08.15-17.57.55:173][563]LogTexture: Display: Building textures: Texture2D_1 (BGRA8, 128X128)
[2019.08.15-17.57.55:173][563]LogTexture: Display: Building textures: Texture2D_0 (BGRA8, 128X128)
[2019.08.15-17.57.55:173][563]LogTexture: Display: Building textures: Texture2D_10 (BGRA8, 128X128)
[2019.08.15-17.57.55:173][563]LogTexture: Display: Building textures: Texture2D_11 (BGRA8, 128X128)
[2019.08.15-17.57.55:173][563]LogTexture: Display: Building textures: Texture2D_12 (BGRA8, 128X128)
[2019.08.15-17.57.55:173][563]LogTexture: Display: Building textures: Texture2D_13 (BGRA8, 128X128)
[2019.08.15-17.57.55:173][563]LogTexture: Display: Building textures: Texture2D_14 (BGRA8, 128X128)
[2019.08.15-17.57.55:174][563]LogTexture: Display: Building textures: Texture2D_18 (BGRA8, 64X64)
[2019.08.15-17.57.55:174][563]LogTexture: Display: Building textures: Texture2D_19 (BGRA8, 64X64)
[2019.08.15-17.57.55:174][563]LogTexture: Display: Building textures: Texture2D_16 (BGRA8, 128X128)
[2019.08.15-17.57.55:174][563]LogTexture: Display: Building textures: Texture2D_15 (BGRA8, 128X128)
[2019.08.15-17.57.55:174][563]LogTexture: Display: Building textures: Texture2D_17 (BGRA8, 128X128)
[2019.08.15-17.57.55:174][563]LogTexture: Display: Building textures: Texture2D_20 (BGRA8, 64X64)
[2019.08.15-17.57.55:174][563]LogTexture: Display: Building textures: Texture2D_2 (BGRA8, 128X128)
[2019.08.15-17.57.55:174][563]LogTexture: Display: Building textures: Texture2D_28 (BGRA8, 64X64)
[2019.08.15-17.57.55:174][563]LogTexture: Display: Building textures: Texture2D_26 (BGRA8, 64X64)
[2019.08.15-17.57.55:174][563]LogTexture: Display: Building textures: Texture2D_21 (BGRA8, 64X64)
[2019.08.15-17.57.55:174][563]LogTexture: Display: Building textures: Texture2D_3 (BGRA8, 128X128)
[2019.08.15-17.57.55:174][563]LogTexture: Display: Building textures: Texture2D_29 (BGRA8, 64X64)
[2019.08.15-17.57.55:174][563]LogTexture: Display: Building textures: Texture2D_25 (BGRA8, 64X64)
[2019.08.15-17.57.55:174][563]LogTexture: Display: Building textures: Texture2D_32 (BGRA8, 64X64)
[2019.08.15-17.57.55:174][563]LogTexture: Display: Building textures: Texture2D_33 (BGRA8, 64X64)
[2019.08.15-17.57.55:174][563]LogTexture: Display: Building textures: Texture2D_30 (BGRA8, 64X64)
[2019.08.15-17.57.55:174][563]LogTexture: Display: Building textures: Texture2D_36 (BGRA8, 64X64)
[2019.08.15-17.57.55:174][563]LogTexture: Display: Building textures: Texture2D_34 (BGRA8, 64X64)
[2019.08.15-17.57.55:174][563]LogTexture: Display: Building textures: Texture2D_4 (BGRA8, 128X128)
[2019.08.15-17.57.55:174][563]LogTexture: Display: Building textures: Texture2D_41 (BGRA8, 64X64)
[2019.08.15-17.57.55:174][563]LogTexture: Display: Building textures: Texture2D_40 (BGRA8, 64X64)
[2019.08.15-17.57.55:174][563]LogTexture: Display: Building textures: Texture2D_42 (BGRA8, 64X64)
[2019.08.15-17.57.55:174][563]LogTexture: Display: Building textures: Texture2D_43 (BGRA8, 64X64)
[2019.08.15-17.57.55:174][563]LogTexture: Display: Building textures: Texture2D_44 (BGRA8, 64X64)
[2019.08.15-17.57.55:174][563]LogTexture: Display: Building textures: Texture2D_47 (BGRA8, 64X64)
[2019.08.15-17.57.55:174][563]LogTexture: Display: Building textures: Texture2D_46 (BGRA8, 64X64)
[2019.08.15-17.57.55:174][563]LogTexture: Display: Building textures: Texture2D_38 (BGRA8, 512X512)
[2019.08.15-17.57.55:174][563]LogTexture: Display: Building textures: Texture2D_45 (BGRA8, 64X64)
[2019.08.15-17.57.55:174][563]LogTexture: Display: Building textures: Texture2D_48 (BGRA8, 64X64)
[2019.08.15-17.57.55:174][563]LogTexture: Display: Building textures: Texture2D_6 (BGRA8, 128X128)
[2019.08.15-17.57.55:174][563]LogTexture: Display: Building textures: Texture2D_5 (BGRA8, 128X128)
[2019.08.15-17.57.55:174][563]LogTexture: Display: Building textures: Texture2D_7 (BGRA8, 128X128)
[2019.08.15-17.57.55:174][563]LogTexture: Display: Building textures: Texture2D_8 (BGRA8, 128X128)
[2019.08.15-17.57.55:174][563]LogTexture: Display: Building textures: Texture2D_9 (BGRA8, 128X128)
[2019.08.15-17.57.55:174][563]LogTexture: Display: Building textures: ThumbnailTexture (DXT1, 512X512)
[2019.08.15-17.57.55:174][563]LogTexture: Display: Building textures: T_BombBall (AutoDXT, 256X512)
[2019.08.15-17.57.55:174][563]LogStaticMesh: Building static mesh Wheel...
[2019.08.15-17.57.55:376][563]LogStaticMesh: Built static mesh [0.20s] /Game/Tempo/Wheel.Wheel
[2019.08.15-17.57.55:451][563]LogStaticMesh: Building static mesh SM_KartBody...
[2019.08.15-17.57.55:487][563]LogStaticMesh: Built static mesh [0.04s] /Game/Assets/Kart/SM_KartBody.SM_KartBody
[2019.08.15-17.57.55:505][563]LogStaticMesh: Building static mesh SM_KartWheel...
[2019.08.15-17.57.55:546][563]LogStaticMesh: Built static mesh [0.04s] /Game/Assets/Kart/SM_KartWheel.SM_KartWheel
[2019.08.15-17.57.55:628][563]LogMaterial: Display: Missing cached shader map for material MasterSolidColor, compiling. 
[2019.08.15-17.57.55:801][563]LogShaderCompilers: Display: Shaders left to compile 59
[2019.08.15-17.57.55:801][563]LogShaderCompilers: Display: Shaders left to compile 49
[2019.08.15-17.57.55:801][563]LogShaderCompilers: Display: Shaders left to compile 39
[2019.08.15-17.57.55:801][563]LogShaderCompilers: Display: Shaders left to compile 29
[2019.08.15-17.57.55:828][563]LogMaterial: Display: Missing cached shader map for material MasterGrid, compiling. 
[2019.08.15-17.57.55:873][563]LogStaticMesh: Building static mesh Straight...
[2019.08.15-17.57.55:874][563]LogStaticMesh: Built static mesh [0.00s] /Game/Assets/ArenaMesh/Straight.Straight
[2019.08.15-17.57.55:879][563]LogStaticMesh: Building static mesh SM_RampTriggerVolume...
[2019.08.15-17.57.55:880][563]LogStaticMesh: Built static mesh [0.00s] /Game/Assets/ArenaMesh/SM_RampTriggerVolume.SM_RampTriggerVolume
[2019.08.15-17.57.55:884][563]LogStaticMesh: Building static mesh SM_RampFloor...
[2019.08.15-17.57.55:885][563]LogStaticMesh: Built static mesh [0.00s] /Game/Assets/ArenaMesh/SM_RampFloor.SM_RampFloor
[2019.08.15-17.57.55:892][563]LogStaticMesh: Building static mesh SM_LoopTriggerVolume...
[2019.08.15-17.57.55:895][563]LogStaticMesh: Built static mesh [0.00s] /Game/Assets/ArenaMesh/SM_LoopTriggerVolume.SM_LoopTriggerVolume
[2019.08.15-17.57.55:901][563]LogStaticMesh: Building static mesh SM_LoopFloor...
[2019.08.15-17.57.55:903][563]LogStaticMesh: Built static mesh [0.00s] /Game/Assets/ArenaMesh/SM_LoopFloor.SM_LoopFloor
[2019.08.15-17.57.55:966][563]LogMaterial: Display: Missing cached shader map for material Landscape, compiling. 
[2019.08.15-17.57.56:036][563]LogMaterial: Display: Missing cached shader map for material Landscape, compiling. 
[2019.08.15-17.57.56:067][563]LogMaterial: Display: Missing cached shader map for material M_Walls_Master, compiling. 
[2019.08.15-17.57.56:121][563]LogMaterial: Display: Missing cached shader map for material M_Transparent_Editor, compiling. 
[2019.08.15-17.57.56:137][563]LogMaterial: Display: Missing cached shader map for material M_RampFloorSB, compiling. 
[2019.08.15-17.57.56:198][563]LogMaterial: Display: Missing cached shader map for material M_LoopFloorSB, compiling. 
[2019.08.15-17.57.56:273][563]LogMaterial: Display: Missing cached shader map for material M_Track_Master, compiling. 
[2019.08.15-17.57.56:403][563]LogStaticMesh: Building static mesh TrackPart2...
[2019.08.15-17.57.56:428][563]LogStaticMesh: Built static mesh [0.03s] /Game/Assets/ArenaMesh/TrackPart2.TrackPart2
[2019.08.15-17.57.56:743][563]LogMaterial: Display: Missing cached shader map for material Landscape, compiling. 
[2019.08.15-17.57.56:796][563]LogMaterial: Display: Missing cached shader map for material Landscape, compiling. 
[2019.08.15-17.57.56:881][563]LogMaterial: Display: Missing cached shader map for material M_RearView, compiling. 
[2019.08.15-17.57.56:942][563]LogMaterial: Display: Missing cached shader map for material M_Bomb, compiling. 
[2019.08.15-17.57.56:990][563]LogSkeletalMesh: Building Skeletal Mesh SK_Bomb...
[2019.08.15-17.57.56:990][563]LogSkeletalMesh: Built Skeletal Mesh [0.00s] /Game/Assets/Meshes/SK_Bomb.SK_Bomb
[2019.08.15-17.57.57:068][563]LogAIModule: Creating AISystem for world Map_Example
[2019.08.15-17.57.57:237][563]LogAssetEditorManager: Opening Asset editor for World /Game/Maps/Map_Example.Map_Example
[2019.08.15-17.57.57:308][563]Cmd: MAP LOAD FILE="../../../../Project_Unreal/Cosmo_Drivers/Base2/Content/Maps/Map_Example.umap" TEMPLATE=0 SHOWPROGRESS=1 FEATURELEVEL=3
[2019.08.15-17.57.57:308][563]LightingResults: New page: Lighting Build
[2019.08.15-17.57.57:309][563]LoadErrors: New page: Loading map: Map_Example.umap
[2019.08.15-17.57.57:309][563]MapCheck: New page: Map Check
[2019.08.15-17.57.57:309][563]LightingResults: New page: Lighting Build
[2019.08.15-17.57.57:942][563]LogEditorServer: Finished looking for orphan Actors (0.000 secs)
[2019.08.15-17.57.57:992][563]Cmd: MAP CHECKDEP NOCLEARLOG
[2019.08.15-17.57.57:992][563]MapCheck: Map check complete: 0 Error(s), 0 Warning(s), took 0,147ms to complete.
[2019.08.15-17.57.57:992][563]LogFileHelpers: Loading map 'Map_Example' took 0.692
[2019.08.15-17.57.58:099][565]LogRenderer: Reallocating scene render targets to support 1024x1024 Format 10 NumSamples 1 (Frame:1).
[2019.08.15-17.57.58:530][574]LogShaderCompilers: Display: Shaders left to compile 830
[2019.08.15-17.57.59:281][591]LogShaderCompilers: Display: Shaders left to compile 820
[2019.08.15-17.57.59:404][591]LogRHI: Error: SyncInterval 0
[2019.08.15-17.57.59:404][591]LogRHI: Error: SwapChainDesc.BufferDesc.Width 17
[2019.08.15-17.57.59:404][591]LogRHI: Error: SwapChainDesc.BufferDesc.Height 68
[2019.08.15-17.57.59:404][591]LogRHI: Error: SwapChainDesc.BufferDesc.RefreshRate.Numerator 0
[2019.08.15-17.57.59:404][591]LogRHI: Error: SwapChainDesc.BufferDesc.RefreshRate.Denominator 0
[2019.08.15-17.57.59:404][591]LogRHI: Error: SwapChainDesc.BufferDesc.Format 24
[2019.08.15-17.57.59:404][591]LogRHI: Error: SwapChainDesc.BufferDesc.ScanlineOrdering 0
[2019.08.15-17.57.59:404][591]LogRHI: Error: SwapChainDesc.BufferDesc.Scaling 0
[2019.08.15-17.57.59:404][591]LogRHI: Error: SwapChainDesc.SampleDesc.Count 1
[2019.08.15-17.57.59:404][591]LogRHI: Error: SwapChainDesc.SampleDesc.Quality 0
[2019.08.15-17.57.59:404][591]LogRHI: Error: SwapChainDesc.BufferUsage 48
[2019.08.15-17.57.59:404][591]LogRHI: Error: SwapChainDesc.BufferCount 1
[2019.08.15-17.57.59:404][591]LogRHI: Error: SwapChainDesc.OutputWindow 000000000005077C
[2019.08.15-17.57.59:404][591]LogRHI: Error: SwapChainDesc.Windowed true
[2019.08.15-17.57.59:404][591]LogRHI: Error: SwapChainDesc.SwapEffect 0
[2019.08.15-17.57.59:404][591]LogRHI: Error: SwapChainDesc.Flags 2
[2019.08.15-17.57.59:404][591]LogD3D11RHI: Error: Result failed 
 at D:\Build\++UE4\Sync\Engine\Source\Runtime\Windows\D3D11RHI\Private\D3D11Viewport.cpp:361 
 with error E_INVALIDARG
[2019.08.15-17.57.59:404][591]LogWindows: Windows GetLastError: L’opération a réussi. (0)
[2019.08.15-17.58.01:217][591]LogShaderCompilers: Display: Shaders left to compile 810
[2019.08.15-17.58.01:217][591]LogShaderCompilers: Display: Shaders left to compile 800
[2019.08.15-17.58.01:217][591]LogOutputDevice: Warning: 

Script Stack (0 frames):

[2019.08.15-17.58.01:217][591]LogWindows: Windows GetLastError: L’opération a réussi. (0)
[2019.08.15-17.58.01:217][591]LogWindows: Error: === Critical error: ===
[2019.08.15-17.58.01:217][591]LogWindows: Error: 
[2019.08.15-17.58.01:217][591]LogWindows: Error: Fatal error: [File:D:\Build\++UE4\Sync\Engine\Source\Runtime\RenderCore\Private\RenderingThread.cpp] [Line: 826] 
[2019.08.15-17.58.01:217][591]LogWindows: Error: Rendering thread exception:
[2019.08.15-17.58.01:217][591]LogWindows: Error: Fatal error: [File:D:\Build\++UE4\Sync\Engine\Source\Runtime\Windows\D3D11RHI\Private\D3D11Util.cpp] [Line: 251] 
[2019.08.15-17.58.01:217][591]LogWindows: Error: Result failed 
[2019.08.15-17.58.01:217][591]LogWindows: Error:  at D:\Build\++UE4\Sync\Engine\Source\Runtime\Windows\D3D11RHI\Private\D3D11Viewport.cpp:361 
[2019.08.15-17.58.01:217][591]LogWindows: Error:  with error E_INVALIDARG
[2019.08.15-17.58.01:217][591]LogWindows: Error: 
[2019.08.15-17.58.01:217][591]LogWindows: Error: 
[2019.08.15-17.58.01:217][591]LogWindows: Error: [Callstack] 0x00007ff9aa97a388 KERNELBASE.dll!UnknownFunction []
[2019.08.15-17.58.01:217][591]LogWindows: Error: [Callstack] 0x00007ff938e0cd1a UE4Editor-Core.dll!UnknownFunction []
[2019.08.15-17.58.01:217][591]LogWindows: Error: [Callstack] 0x00007ff938bea967 UE4Editor-Core.dll!UnknownFunction []
[2019.08.15-17.58.01:217][591]LogWindows: Error: [Callstack] 0x00007ff938b20df7 UE4Editor-Core.dll!UnknownFunction []
[2019.08.15-17.58.01:217][591]LogWindows: Error: [Callstack] 0x00007ff92b070f16 UE4Editor-D3D11RHI.dll!UnknownFunction []
[2019.08.15-17.58.01:217][591]LogWindows: Error: [Callstack] 0x00007ff92b04eb8e UE4Editor-D3D11RHI.dll!UnknownFunction []
[2019.08.15-17.58.01:217][591]LogWindows: Error: [Callstack] 0x00007ff92b05c798 UE4Editor-D3D11RHI.dll!UnknownFunction []
[2019.08.15-17.58.01:217][591]LogWindows: Error: [Callstack] 0x00007ff9431f3905 UE4Editor-RHI.dll!UnknownFunction []
[2019.08.15-17.58.01:217][591]LogWindows: Error: [Callstack] 0x00007ff9431f3495 UE4Editor-RHI.dll!UnknownFunction []
[2019.08.15-17.58.01:217][591]LogWindows: Error: [Callstack] 0x00007ff9431f45bc UE4Editor-RHI.dll!UnknownFunction []
[2019.08.15-17.58.01:217][591]LogWindows: Error: [Callstack] 0x00007ff9431eba45 UE4Editor-RHI.dll!UnknownFunction []
[2019.08.15-17.58.01:217][591]LogWindows: Error: [Callstack] 0x00007ff92ada179e UE4Editor-SlateRHIRenderer.dll!UnknownFunction []
[2019.08.15-17.58.01:217][591]LogWindows: Error: [Callstack] 0x00007ff92ada79ca UE4Editor-SlateRHIRenderer.dll!UnknownFunction []
[2019.08.15-17.58.01:218][591]LogWindows: Error: [Callstack] 0x00007ff9389b1798 UE4Editor-Core.dll!UnknownFunction []
[2019.08.15-17.58.01:218][591]LogWindows: Error: [Callstack] 0x00007ff9389b1c56 UE4Editor-Core.dll!UnknownFunction []
[2019.08.15-17.58.01:218][591]LogWindows: Error: [Callstack] 0x00007ff988509af9 UE4Editor-RenderCore.dll!UnknownFunction []
[2019.08.15-17.58.01:218][591]LogWindows: Error: [Callstack] 0x00007ff98850aa74 UE4Editor-RenderCore.dll!UnknownFunction []
[2019.08.15-17.58.01:218][591]LogWindows: Error: [Callstack] 0x00007ff938e0c500 UE4Editor-Core.dll!UnknownFunction []
[2019.08.15-17.58.01:218][591]LogWindows: Error: [Callstack] 0x00007ff938dfcac1 UE4Editor-Core.dll!UnknownFunction []
[2019.08.15-17.58.01:218][591]LogWindows: Error: [Callstack] 0x00007ff9ab564034 KERNEL32.DLL!UnknownFunction []
[2019.08.15-17.58.01:218][591]LogWindows: Error: [Callstack] 0x00007ff9ae0b3691 ntdll.dll!UnknownFunction []
[2019.08.15-17.58.01:218][591]LogWindows: Error: 
[2019.08.15-17.58.01:218][591]LogWindows: Error: 
[2019.08.15-17.58.01:218][591]LogWindows: Error: 
[2019.08.15-17.58.01:218][591]LogWindows: Error: 
[2019.08.15-17.58.01:239][591]LogExit: Executing StaticShutdownAfterError
[2019.08.15-17.58.01:243][591]LogWindows: FPlatformMisc::RequestExit(1)
[2019.08.15-17.58.01:247][591]Log file closed, 08/15/19 19:58:01
